<?xml version="1.0" encoding="UTF-8"?>
<!-- Generated by org.testng.reporters.JUnitReportReporter -->
<testsuite hostname="DESKTOP-1R0M93A" failures="0" tests="2" name="zaleniumDocker.TestOnZalenium" time="30.026" errors="0" timestamp="2020-07-27T18:18:01 IST" skipped="0">
  <testcase classname="zaleniumDocker.TestOnZalenium" name="test" time="11.542"/>
  <system-out/>
  <testcase classname="zaleniumDocker.TestOnZalenium" name="test" time="18.484"/>
  <system-out/>
</testsuite> <!-- zaleniumDocker.TestOnZalenium -->
